<?xml version="1.0" encoding="UTF-8"?>
<testng-results skipped="0" failed="0" ignored="0" total="2" passed="2">
  <reporter-output>
  </reporter-output>
  <suite name="Suite" duration-ms="161024" started-at="2021-05-14T22:10:02 IST" finished-at="2021-05-14T22:12:43 IST">
    <groups>
    </groups>
    <test name="Test" duration-ms="161024" started-at="2021-05-14T22:10:02 IST" finished-at="2021-05-14T22:12:43 IST">
      <class name="GeneralStore.com.generalstore.EcommerceTest2">
        <test-method status="PASS" signature="ecommerceTest2()[pri:0, instance:GeneralStore.com.generalstore.EcommerceTest2@22eeefeb]" name="ecommerceTest2" duration-ms="105911" started-at="2021-05-14T22:10:02 IST" finished-at="2021-05-14T22:11:48 IST">
          <reporter-output>
          </reporter-output>
        </test-method> <!-- ecommerceTest2 -->
      </class> <!-- GeneralStore.com.generalstore.EcommerceTest2 -->
      <class name="GeneralStore.com.generalstore.EcommerceTest1">
        <test-method status="PASS" signature="ecommerceTest1()[pri:0, instance:GeneralStore.com.generalstore.EcommerceTest1@17d0685f]" name="ecommerceTest1" duration-ms="55031" started-at="2021-05-14T22:11:48 IST" finished-at="2021-05-14T22:12:43 IST">
          <reporter-output>
          </reporter-output>
        </test-method> <!-- ecommerceTest1 -->
      </class> <!-- GeneralStore.com.generalstore.EcommerceTest1 -->
    </test> <!-- Test -->
  </suite> <!-- Suite -->
</testng-results>
